<?xml version="1.0" encoding="UTF-8"?>
<!-- Generated by org.testng.reporters.JUnitReportReporter -->
<testsuite hostname="Home" name="App.TestEmployeesNG1" tests="3" failures="0" timestamp="5 Jun 2016 11:45:04 GMT" time="0.082" errors="0">
  <testcase name="testPension" time="0.004" classname="App.TestEmployeesNG1"/>
  <testcase name="testSalary" time="0.006" classname="App.TestEmployeesNG1"/>
  <testcase name="testWorkHourValue" time="0.072" classname="App.TestEmployeesNG1"/>
</testsuite> <!-- App.TestEmployeesNG1 -->
