<?xml version="1.0" encoding="UTF-8"?>
<!-- Generated by org.testng.reporters.JUnitReportReporter -->
<testsuite hostname="Home" name="App.TestEmployeesNG1" tests="3" failures="0" timestamp="5 Jun 2016 11:13:39 GMT" time="0.054" errors="0">
  <testcase name="testWorkHourValue" time="0.035" classname="App.TestEmployeesNG1"/>
  <testcase name="testSalary" time="0.000" classname="App.TestEmployeesNG1"/>
  <testcase name="testPension" time="0.019" classname="App.TestEmployeesNG1"/>
</testsuite> <!-- App.TestEmployeesNG1 -->
